<?xml version="1.0" encoding="UTF-8"?>
<testsuite xmlns:xsi="http://www.w3.org/2001/XMLSchema-instance" xsi:noNamespaceSchemaLocation="https://maven.apache.org/surefire/maven-surefire-plugin/xsd/surefire-test-report.xsd" name="TestSuite" time="139.669" tests="7" errors="0" skipped="0" failures="1">
  <properties>
    <property name="sun.desktop" value="windows"/>
    <property name="awt.toolkit" value="sun.awt.windows.WToolkit"/>
    <property name="file.encoding.pkg" value="sun.io"/>
    <property name="java.specification.version" value="1.8"/>
    <property name="sun.cpu.isalist" value="amd64"/>
    <property name="sun.jnu.encoding" value="Cp1252"/>
    <property name="java.class.path" value="C:\Automation\Signup\target\test-classes;C:\Automation\Signup\target\classes;C:\Users\X085271\.m2\repository\org\seleniumhq\selenium\selenium-java\3.12.0\selenium-java-3.12.0.jar;C:\Users\X085271\.m2\repository\org\seleniumhq\selenium\selenium-api\3.12.0\selenium-api-3.12.0.jar;C:\Users\X085271\.m2\repository\org\seleniumhq\selenium\selenium-chrome-driver\3.12.0\selenium-chrome-driver-3.12.0.jar;C:\Users\X085271\.m2\repository\org\seleniumhq\selenium\selenium-edge-driver\3.12.0\selenium-edge-driver-3.12.0.jar;C:\Users\X085271\.m2\repository\org\seleniumhq\selenium\selenium-firefox-driver\3.12.0\selenium-firefox-driver-3.12.0.jar;C:\Users\X085271\.m2\repository\org\seleniumhq\selenium\selenium-ie-driver\3.12.0\selenium-ie-driver-3.12.0.jar;C:\Users\X085271\.m2\repository\org\seleniumhq\selenium\selenium-opera-driver\3.12.0\selenium-opera-driver-3.12.0.jar;C:\Users\X085271\.m2\repository\org\seleniumhq\selenium\selenium-remote-driver\3.12.0\selenium-remote-driver-3.12.0.jar;C:\Users\X085271\.m2\repository\org\seleniumhq\selenium\selenium-safari-driver\3.12.0\selenium-safari-driver-3.12.0.jar;C:\Users\X085271\.m2\repository\org\seleniumhq\selenium\selenium-support\3.12.0\selenium-support-3.12.0.jar;C:\Users\X085271\.m2\repository\net\bytebuddy\byte-buddy\1.8.3\byte-buddy-1.8.3.jar;C:\Users\X085271\.m2\repository\org\apache\commons\commons-exec\1.3\commons-exec-1.3.jar;C:\Users\X085271\.m2\repository\commons-codec\commons-codec\1.10\commons-codec-1.10.jar;C:\Users\X085271\.m2\repository\commons-logging\commons-logging\1.2\commons-logging-1.2.jar;C:\Users\X085271\.m2\repository\com\google\code\gson\gson\2.8.2\gson-2.8.2.jar;C:\Users\X085271\.m2\repository\com\google\guava\guava\23.6-jre\guava-23.6-jre.jar;C:\Users\X085271\.m2\repository\com\google\code\findbugs\jsr305\1.3.9\jsr305-1.3.9.jar;C:\Users\X085271\.m2\repository\org\checkerframework\checker-compat-qual\2.0.0\checker-compat-qual-2.0.0.jar;C:\Users\X085271\.m2\repository\com\google\errorprone\error_prone_annotations\2.1.3\error_prone_annotations-2.1.3.jar;C:\Users\X085271\.m2\repository\com\google\j2objc\j2objc-annotations\1.1\j2objc-annotations-1.1.jar;C:\Users\X085271\.m2\repository\org\codehaus\mojo\animal-sniffer-annotations\1.14\animal-sniffer-annotations-1.14.jar;C:\Users\X085271\.m2\repository\org\apache\httpcomponents\httpclient\4.5.3\httpclient-4.5.3.jar;C:\Users\X085271\.m2\repository\org\apache\httpcomponents\httpcore\4.4.6\httpcore-4.4.6.jar;C:\Users\X085271\.m2\repository\com\squareup\okhttp3\okhttp\3.9.1\okhttp-3.9.1.jar;C:\Users\X085271\.m2\repository\com\squareup\okio\okio\1.13.0\okio-1.13.0.jar;C:\Users\X085271\.m2\repository\org\testng\testng\6.14.3\testng-6.14.3.jar;C:\Users\X085271\.m2\repository\com\beust\jcommander\1.72\jcommander-1.72.jar;C:\Users\X085271\.m2\repository\org\apache-extras\beanshell\bsh\2.0b6\bsh-2.0b6.jar;C:\Users\X085271\.m2\repository\commons-io\commons-io\1.3.2\commons-io-1.3.2.jar;C:\Users\X085271\.m2\repository\org\apache\poi\poi\3.17\poi-3.17.jar;C:\Users\X085271\.m2\repository\org\apache\commons\commons-collections4\4.1\commons-collections4-4.1.jar;C:\Users\X085271\.m2\repository\org\apache\poi\poi-ooxml\3.17\poi-ooxml-3.17.jar;C:\Users\X085271\.m2\repository\org\apache\poi\poi-ooxml-schemas\3.17\poi-ooxml-schemas-3.17.jar;C:\Users\X085271\.m2\repository\org\apache\xmlbeans\xmlbeans\2.6.0\xmlbeans-2.6.0.jar;C:\Users\X085271\.m2\repository\stax\stax-api\1.0.1\stax-api-1.0.1.jar;C:\Users\X085271\.m2\repository\com\github\virtuald\curvesapi\1.04\curvesapi-1.04.jar;C:\Users\X085271\.m2\repository\com\googlecode\json-simple\json-simple\1.1.1\json-simple-1.1.1.jar;C:\Users\X085271\.m2\repository\junit\junit\4.10\junit-4.10.jar;C:\Users\X085271\.m2\repository\org\hamcrest\hamcrest-core\1.1\hamcrest-core-1.1.jar;C:\Users\X085271\.m2\repository\log4j\log4j\1.2.17\log4j-1.2.17.jar;C:\Users\X085271\.m2\repository\org\apache\maven\surefire\surefire-testng-utils\2.22.0\surefire-testng-utils-2.22.0.jar;C:\Users\X085271\.m2\repository\org\apache\maven\surefire\surefire-grouper\2.22.0\surefire-grouper-2.22.0.jar;"/>
    <property name="java.vm.vendor" value="Oracle Corporation"/>
    <property name="sun.arch.data.model" value="64"/>
    <property name="user.variant" value=""/>
    <property name="java.vendor.url" value="http://java.oracle.com/"/>
    <property name="user.timezone" value="Europe/Berlin"/>
    <property name="java.vm.specification.version" value="1.8"/>
    <property name="os.name" value="Windows 7"/>
    <property name="user.country" value="US"/>
    <property name="sun.java.launcher" value="SUN_STANDARD"/>
    <property name="sun.boot.library.path" value="C:\Program Files\Java\jdk1.8.0_172\jre\bin"/>
    <property name="sun.java.command" value="C:\Users\X085271\AppData\Local\Temp\surefire2912588586871496901\surefirebooter3668405189740565221.jar C:\Users\X085271\AppData\Local\Temp\surefire2912588586871496901 2018-06-26T07-46-29_206-jvmRun1 surefire6944879731987680616tmp surefire_03699846525381324197tmp"/>
    <property name="surefire.test.class.path" value="C:\Automation\Signup\target\test-classes;C:\Automation\Signup\target\classes;C:\Users\X085271\.m2\repository\org\seleniumhq\selenium\selenium-java\3.12.0\selenium-java-3.12.0.jar;C:\Users\X085271\.m2\repository\org\seleniumhq\selenium\selenium-api\3.12.0\selenium-api-3.12.0.jar;C:\Users\X085271\.m2\repository\org\seleniumhq\selenium\selenium-chrome-driver\3.12.0\selenium-chrome-driver-3.12.0.jar;C:\Users\X085271\.m2\repository\org\seleniumhq\selenium\selenium-edge-driver\3.12.0\selenium-edge-driver-3.12.0.jar;C:\Users\X085271\.m2\repository\org\seleniumhq\selenium\selenium-firefox-driver\3.12.0\selenium-firefox-driver-3.12.0.jar;C:\Users\X085271\.m2\repository\org\seleniumhq\selenium\selenium-ie-driver\3.12.0\selenium-ie-driver-3.12.0.jar;C:\Users\X085271\.m2\repository\org\seleniumhq\selenium\selenium-opera-driver\3.12.0\selenium-opera-driver-3.12.0.jar;C:\Users\X085271\.m2\repository\org\seleniumhq\selenium\selenium-remote-driver\3.12.0\selenium-remote-driver-3.12.0.jar;C:\Users\X085271\.m2\repository\org\seleniumhq\selenium\selenium-safari-driver\3.12.0\selenium-safari-driver-3.12.0.jar;C:\Users\X085271\.m2\repository\org\seleniumhq\selenium\selenium-support\3.12.0\selenium-support-3.12.0.jar;C:\Users\X085271\.m2\repository\net\bytebuddy\byte-buddy\1.8.3\byte-buddy-1.8.3.jar;C:\Users\X085271\.m2\repository\org\apache\commons\commons-exec\1.3\commons-exec-1.3.jar;C:\Users\X085271\.m2\repository\commons-codec\commons-codec\1.10\commons-codec-1.10.jar;C:\Users\X085271\.m2\repository\commons-logging\commons-logging\1.2\commons-logging-1.2.jar;C:\Users\X085271\.m2\repository\com\google\code\gson\gson\2.8.2\gson-2.8.2.jar;C:\Users\X085271\.m2\repository\com\google\guava\guava\23.6-jre\guava-23.6-jre.jar;C:\Users\X085271\.m2\repository\com\google\code\findbugs\jsr305\1.3.9\jsr305-1.3.9.jar;C:\Users\X085271\.m2\repository\org\checkerframework\checker-compat-qual\2.0.0\checker-compat-qual-2.0.0.jar;C:\Users\X085271\.m2\repository\com\google\errorprone\error_prone_annotations\2.1.3\error_prone_annotations-2.1.3.jar;C:\Users\X085271\.m2\repository\com\google\j2objc\j2objc-annotations\1.1\j2objc-annotations-1.1.jar;C:\Users\X085271\.m2\repository\org\codehaus\mojo\animal-sniffer-annotations\1.14\animal-sniffer-annotations-1.14.jar;C:\Users\X085271\.m2\repository\org\apache\httpcomponents\httpclient\4.5.3\httpclient-4.5.3.jar;C:\Users\X085271\.m2\repository\org\apache\httpcomponents\httpcore\4.4.6\httpcore-4.4.6.jar;C:\Users\X085271\.m2\repository\com\squareup\okhttp3\okhttp\3.9.1\okhttp-3.9.1.jar;C:\Users\X085271\.m2\repository\com\squareup\okio\okio\1.13.0\okio-1.13.0.jar;C:\Users\X085271\.m2\repository\org\testng\testng\6.14.3\testng-6.14.3.jar;C:\Users\X085271\.m2\repository\com\beust\jcommander\1.72\jcommander-1.72.jar;C:\Users\X085271\.m2\repository\org\apache-extras\beanshell\bsh\2.0b6\bsh-2.0b6.jar;C:\Users\X085271\.m2\repository\commons-io\commons-io\1.3.2\commons-io-1.3.2.jar;C:\Users\X085271\.m2\repository\org\apache\poi\poi\3.17\poi-3.17.jar;C:\Users\X085271\.m2\repository\org\apache\commons\commons-collections4\4.1\commons-collections4-4.1.jar;C:\Users\X085271\.m2\repository\org\apache\poi\poi-ooxml\3.17\poi-ooxml-3.17.jar;C:\Users\X085271\.m2\repository\org\apache\poi\poi-ooxml-schemas\3.17\poi-ooxml-schemas-3.17.jar;C:\Users\X085271\.m2\repository\org\apache\xmlbeans\xmlbeans\2.6.0\xmlbeans-2.6.0.jar;C:\Users\X085271\.m2\repository\stax\stax-api\1.0.1\stax-api-1.0.1.jar;C:\Users\X085271\.m2\repository\com\github\virtuald\curvesapi\1.04\curvesapi-1.04.jar;C:\Users\X085271\.m2\repository\com\googlecode\json-simple\json-simple\1.1.1\json-simple-1.1.1.jar;C:\Users\X085271\.m2\repository\junit\junit\4.10\junit-4.10.jar;C:\Users\X085271\.m2\repository\org\hamcrest\hamcrest-core\1.1\hamcrest-core-1.1.jar;C:\Users\X085271\.m2\repository\log4j\log4j\1.2.17\log4j-1.2.17.jar;C:\Users\X085271\.m2\repository\org\apache\maven\surefire\surefire-testng-utils\2.22.0\surefire-testng-utils-2.22.0.jar;C:\Users\X085271\.m2\repository\org\apache\maven\surefire\surefire-grouper\2.22.0\surefire-grouper-2.22.0.jar;"/>
    <property name="sun.cpu.endian" value="little"/>
    <property name="user.home" value="C:\Users\X085271"/>
    <property name="user.language" value="en"/>
    <property name="java.specification.vendor" value="Oracle Corporation"/>
    <property name="java.home" value="C:\Program Files\Java\jdk1.8.0_172\jre"/>
    <property name="basedir" value="C:\Automation\Signup"/>
    <property name="file.separator" value="\"/>
    <property name="line.separator" value="&#10;"/>
    <property name="java.vm.specification.vendor" value="Oracle Corporation"/>
    <property name="java.specification.name" value="Java Platform API Specification"/>
    <property name="java.awt.graphicsenv" value="sun.awt.Win32GraphicsEnvironment"/>
    <property name="surefire.real.class.path" value="C:\Users\X085271\AppData\Local\Temp\surefire2912588586871496901\surefirebooter3668405189740565221.jar"/>
    <property name="sun.boot.class.path" value="C:\Program Files\Java\jdk1.8.0_172\jre\lib\resources.jar;C:\Program Files\Java\jdk1.8.0_172\jre\lib\rt.jar;C:\Program Files\Java\jdk1.8.0_172\jre\lib\sunrsasign.jar;C:\Program Files\Java\jdk1.8.0_172\jre\lib\jsse.jar;C:\Program Files\Java\jdk1.8.0_172\jre\lib\jce.jar;C:\Program Files\Java\jdk1.8.0_172\jre\lib\charsets.jar;C:\Program Files\Java\jdk1.8.0_172\jre\lib\jfr.jar;C:\Program Files\Java\jdk1.8.0_172\jre\classes"/>
    <property name="user.script" value=""/>
    <property name="sun.management.compiler" value="HotSpot 64-Bit Tiered Compilers"/>
    <property name="java.runtime.version" value="1.8.0_172-b11"/>
    <property name="user.name" value="x085271"/>
    <property name="path.separator" value=";"/>
    <property name="os.version" value="6.1"/>
    <property name="java.endorsed.dirs" value="C:\Program Files\Java\jdk1.8.0_172\jre\lib\endorsed"/>
    <property name="java.runtime.name" value="Java(TM) SE Runtime Environment"/>
    <property name="file.encoding" value="Cp1252"/>
    <property name="java.vm.name" value="Java HotSpot(TM) 64-Bit Server VM"/>
    <property name="localRepository" value="C:\Users\X085271\.m2\repository"/>
    <property name="java.vendor.url.bug" value="http://bugreport.sun.com/bugreport/"/>
    <property name="java.io.tmpdir" value="C:\Users\X085271\AppData\Local\Temp\"/>
    <property name="java.version" value="1.8.0_172"/>
    <property name="user.dir" value="C:\Automation\Signup"/>
    <property name="os.arch" value="amd64"/>
    <property name="java.vm.specification.name" value="Java Virtual Machine Specification"/>
    <property name="java.awt.printerjob" value="sun.awt.windows.WPrinterJob"/>
    <property name="sun.os.patch.level" value="Service Pack 1"/>
    <property name="java.library.path" value="C:\Program Files\Java\jdk1.8.0_172\jre\bin;C:\Windows\Sun\Java\bin;C:\Windows\system32;C:\Windows;C:\Program Files (x86)\Common Files\Oracle\Java\javapath;C:\ProgramData\Oracle\Java\javapath;C:\Program Files (x86)\Nodist\bin\bin;C:\Python27\;C:\Users\X085271\AppData\Local\Android\Sdk\tools;C:\Program Files\Java\jdk1.8.0_172\bin;D:\dev\mvn\bin;C:\Oracle\Ora10G\BIN\;C:\Windows\system32;C:\Windows;C:\Windows\System32\Wbem;C:\Program Files (x86)\Host Integration Server\system;C:\Program Files (x86)\CloudFoundry;C:\Program Files\ThinkPad\Bluetooth Software\;C:\Program Files\ThinkPad\Bluetooth Software\syswow64;C:\Program Files\Perforce;C:\Program Files (x86)\Microsoft Visual Studio 8\VC\vcpackages;C:\Program Files\Microsoft SQL Server\110\Tools\Binn\;C:\Program Files (x86)\Heroku\bin;C:\Program Files (x86)\git\cmd;C:\wamp55\bin\php\php5.5.12;C:\ProgramData\ComposerSetup\bin;C:\ProgramData\ComposerSetup\bin;D:\dev\AndroidSdk\tools;D:\dev\AndroidSdk\platform-tools;C:\Users\X085271\Downloads\apache-maven-3.5.2-bin\apache-maven-3.5.2\bin;C:\Program Files (x86)\QuickTime\QTSystem\;C:\Windows\System32\WindowsPowerShell\v1.0\;C:\Program Files\nodejs\;C:\Program Files\apache-maven-3.5.2-bin\apache-maven-3.5.2\bin;C:\Program Files (x86)\Nodist\bin;D:\Automation\apache-ant-1.10.1\bin;C:\Program Files\1E\NomadBranch\;C:\Windows\System32\WindowsPowerShell\v1.0\;C:\Program Files\Git\cmd;D:\Automation\geckodriver-v0.20.0-win64\geckodriver.exe;C:\Program Files\Java\jdk1.8.0_172\bin;C:\Users\X085271\AppData\Local\Programs\Python\Python36-32\Scripts\;C:\Users\X085271\AppData\Local\Programs\Python\Python36-32\;C:\Users\X085271\AppData\Local\Programs\Fiddler;C:\Users\X085271\AppData\Roaming\npm;C:\Users\X085271\AppData\Local\atom\bin;."/>
    <property name="java.vm.info" value="mixed mode"/>
    <property name="java.vendor" value="Oracle Corporation"/>
    <property name="java.vm.version" value="25.172-b11"/>
    <property name="java.ext.dirs" value="C:\Program Files\Java\jdk1.8.0_172\jre\lib\ext;C:\Windows\Sun\Java\lib\ext"/>
    <property name="sun.io.unicode.encoding" value="UnicodeLittle"/>
    <property name="java.class.version" value="52.0"/>
  </properties>
  <testcase name="discoveryCategoryFranceSignUp" classname="testCases.SignUpTest" time="43.381">
    <failure message="Expected condition failed: waiting for element to be clickable: Proxy element for: DefaultElementLocator &apos;By.xpath: //button[text()=&apos;Agree&apos;]&apos; (tried for 10 second(s) with 500 milliseconds interval)" type="org.openqa.selenium.TimeoutException">org.openqa.selenium.TimeoutException: Expected condition failed: waiting for element to be clickable: Proxy element for: DefaultElementLocator 'By.xpath: //button[text()='Agree']' (tried for 10 second(s) with 500 milliseconds interval)
	at testCases.SignUpTest.creditCardPaymentMethodFrance(SignUpTest.java:402)
	at testCases.SignUpTest.discoveryCategoryFranceSignUp(SignUpTest.java:40)
Caused by: org.openqa.selenium.NoSuchElementException: 
no such element: Unable to locate element: {"method":"xpath","selector":"//button[text()='Agree']"}
  (Session info: chrome=67.0.3396.87)
  (Driver info: chromedriver=2.38.552522 (437e6fbedfa8762dec75e2c5b3ddb86763dc9dcb),platform=Windows NT 6.1.7601 SP1 x86_64) (WARNING: The server did not provide any stacktrace information)
Command duration or timeout: 0 milliseconds
For documentation on this error, please visit: http://seleniumhq.org/exceptions/no_such_element.html
Build info: version: '3.12.0', revision: '7c6e0b3', time: '2018-05-08T14:04:26.12Z'
System info: host: 'KLM115009', ip: '169.254.245.251', os.name: 'Windows 7', os.arch: 'amd64', os.version: '6.1', java.version: '1.8.0_172'
Driver info: org.openqa.selenium.chrome.ChromeDriver
Capabilities {acceptInsecureCerts: false, acceptSslCerts: false, applicationCacheEnabled: false, browserConnectionEnabled: false, browserName: chrome, chrome: {chromedriverVersion: 2.38.552522 (437e6fbedfa876..., userDataDir: C:\Users\X085271\AppData\Lo...}, cssSelectorsEnabled: true, databaseEnabled: false, handlesAlerts: true, hasTouchScreen: false, javascriptEnabled: true, locationContextEnabled: true, mobileEmulationEnabled: false, nativeEvents: true, networkConnectionEnabled: false, pageLoadStrategy: normal, platform: XP, platformName: XP, rotatable: false, setWindowRect: true, takesHeapSnapshot: true, takesScreenshot: true, unexpectedAlertBehaviour: , unhandledPromptBehavior: , version: 67.0.3396.87, webStorageEnabled: true}
Session ID: fcfafd52c2ed6ba55c765887435b4aa8
*** Element info: {Using=xpath, value=//button[text()='Agree']}
	at testCases.SignUpTest.creditCardPaymentMethodFrance(SignUpTest.java:402)
	at testCases.SignUpTest.discoveryCategoryFranceSignUp(SignUpTest.java:40)
</failure>
    <system-out><![CDATA[Method name isdiscoveryCategoryFranceSignUp
Test scenario name isTC001 - Verify the password validations
Test data isSheet1,1
Row number is1
 INFO [main] (SignUpTest.java:289)- Signup button is clicked
 INFO [main] (SignUpTest.java:290)- Checking the Cookies text visibility
 INFO [main] (SignUpTest.java:293)- Clicked the Cookies text allow button
 INFO [main] (SignUpTest.java:295)- Clicked the Country button in Signup options page
 INFO [main] (SignUpTest.java:296)- Taking the screenshot of Signup page
 INFO [main] (SignUpTest.java:302)- Selecting the country
 INFO [main] (SignUpTest.java:305)- Clicking on the Choose button
 INFO [main] (SignUpTest.java:307)- Waiting for personal details screen to load
 INFO [main] (SignUpTest.java:309)- Checking the title text of Personal details screen
 INFO [main] (SignUpTest.java:316)- Clicking on the type of parking web element either Personal or Company type
 INFO [main] (SignUpTest.java:318)- Entering first name in Personal details screen
 INFO [main] (SignUpTest.java:320)- Entering first name in last details screen
 INFO [main] (SignUpTest.java:322)- Entering Email address in Personal details screen
 INFO [main] (SignUpTest.java:324)- Entering password in Personal details screen
 INFO [main] (SignUpTest.java:326)- Entering confirm password in Personal details screen
 INFO [main] (SignUpTest.java:328)- Scrolling till the mobile number field is visible
 INFO [main] (SignUpTest.java:331)- Entering mobile number first name in Personal details screen
 INFO [main] (SignUpTest.java:333)- Scrolling till license plate number is visible
 INFO [main] (SignUpTest.java:335)- Entering text in license plate field of Personal details screen
 INFO [main] (SignUpTest.java:338)- Taking screenshot after filling the details in passenger details screen
 INFO [main] (SignUpTest.java:369)- Scrolling till the credit card payment method is visible
 INFO [main] (SignUpTest.java:371)- Clicking the credit card payment method button
 INFO [main] (SignUpTest.java:374)- Checking the visibility status of Credit card number field
 INFO [main] (SignUpTest.java:377)- Entering text in credit card number field
 INFO [main] (SignUpTest.java:379)- Entering credit card holder name
 INFO [main] (SignUpTest.java:381)- Entering credit card expiry month
 INFO [main] (SignUpTest.java:384)- Entering credit card expiry year
 INFO [main] (SignUpTest.java:387)- Entering credit card CVV code
 INFO [main] (SignUpTest.java:393)- Checking element visibility of Sign up button
 INFO [main] (SignUpTest.java:395)- Clicking on Sign up button
 INFO [main] (SignUpTest.java:399)- Scrolling till credit card agree button is visible
 INFO [main] (SignUpTest.java:401)- Clicking on Credit card Agree button
]]></system-out>
    <system-err><![CDATA[Starting ChromeDriver 2.38.552522 (437e6fbedfa8762dec75e2c5b3ddb86763dc9dcb) on port 19629
Only local connections are allowed.
Jun 26, 2018 7:46:34 AM org.openqa.selenium.remote.ProtocolHandshake createSession
INFO: Detected dialect: OSS
]]></system-err>
  </testcase>
  <testcase name="emailValidation" classname="testCases.SignUpTest" time="10.059"/>
  <testcase name="errorValidationMessagesCheck" classname="testCases.SignUpTest" time="8.941"/>
  <testcase name="licensePlateNumberValidation" classname="testCases.SignUpTest" time="9.051"/>
  <testcase name="mobileNumberValidation" classname="testCases.SignUpTest" time="9.401"/>
  <testcase name="passwordValidations" classname="testCases.SignUpTest" time="8.356"/>
  <testcase name="silverCategoryGermanSignUp" classname="testCases.SignUpTest" time="12.145"/>
</testsuite>