<?xml version="1.0" encoding="UTF-8"?>
<testng-results skipped="0" failed="1" ignored="0" total="7" passed="6">
  <reporter-output>
  </reporter-output>
  <suite name="Suite1" duration-ms="138710" started-at="2018-06-26T05:46:31Z" finished-at="2018-06-26T05:48:50Z">
    <groups>
    </groups>
    <test name="Automation" duration-ms="138710" started-at="2018-06-26T05:46:31Z" finished-at="2018-06-26T05:48:50Z">
      <class name="testCases.SignUpTest">
        <test-method status="PASS" signature="startReport()[pri:0, instance:testCases.SignUpTest@531be3c5]" name="startReport" is-config="true" duration-ms="24" started-at="2018-06-26T05:46:31Z" finished-at="2018-06-26T05:46:31Z">
          <reporter-output>
          </reporter-output>
        </test-method> <!-- startReport -->
        <test-method status="PASS" signature="setUp()[pri:0, instance:testCases.SignUpTest@531be3c5]" name="setUp" is-config="true" duration-ms="6984" started-at="2018-06-26T05:46:31Z" finished-at="2018-06-26T05:46:38Z">
          <reporter-output>
          </reporter-output>
        </test-method> <!-- setUp -->
        <test-method status="FAIL" signature="discoveryCategoryFranceSignUp()[pri:0, instance:testCases.SignUpTest@531be3c5]" name="discoveryCategoryFranceSignUp" duration-ms="43363" started-at="2018-06-26T05:46:38Z" finished-at="2018-06-26T05:47:21Z">
          <exception class="org.openqa.selenium.TimeoutException">
            <message>
              <![CDATA[Expected condition failed: waiting for element to be clickable: Proxy element for: DefaultElementLocator 'By.xpath: //button[text()='Agree']' (tried for 10 second(s) with 500 milliseconds interval)]]>
            </message>
            <full-stacktrace>
              <![CDATA[org.openqa.selenium.TimeoutException: Expected condition failed: waiting for element to be clickable: Proxy element for: DefaultElementLocator 'By.xpath: //button[text()='Agree']' (tried for 10 second(s) with 500 milliseconds interval)
at org.openqa.selenium.support.ui.WebDriverWait.timeoutException(WebDriverWait.java:81)
at org.openqa.selenium.support.ui.FluentWait.until(FluentWait.java:271)
at utilities.ClientUtils.click(ClientUtils.java:19)
at testCases.SignUpTest.creditCardPaymentMethodFrance(SignUpTest.java:402)
at testCases.SignUpTest.discoveryCategoryFranceSignUp(SignUpTest.java:40)
at sun.reflect.NativeMethodAccessorImpl.invoke0(Native Method)
at sun.reflect.NativeMethodAccessorImpl.invoke(NativeMethodAccessorImpl.java:62)
at sun.reflect.DelegatingMethodAccessorImpl.invoke(DelegatingMethodAccessorImpl.java:43)
at java.lang.reflect.Method.invoke(Method.java:498)
at org.testng.internal.MethodInvocationHelper.invokeMethod(MethodInvocationHelper.java:124)
at org.testng.internal.Invoker.invokeMethod(Invoker.java:583)
at org.testng.internal.Invoker.invokeTestMethod(Invoker.java:719)
at org.testng.internal.Invoker.invokeTestMethods(Invoker.java:989)
at org.testng.internal.TestMethodWorker.invokeTestMethods(TestMethodWorker.java:125)
at org.testng.internal.TestMethodWorker.run(TestMethodWorker.java:109)
at org.testng.TestRunner.privateRun(TestRunner.java:648)
at org.testng.TestRunner.run(TestRunner.java:505)
at org.testng.SuiteRunner.runTest(SuiteRunner.java:455)
at org.testng.SuiteRunner.runSequentially(SuiteRunner.java:450)
at org.testng.SuiteRunner.privateRun(SuiteRunner.java:415)
at org.testng.SuiteRunner.run(SuiteRunner.java:364)
at org.testng.SuiteRunnerWorker.runSuite(SuiteRunnerWorker.java:52)
at org.testng.SuiteRunnerWorker.run(SuiteRunnerWorker.java:84)
at org.testng.TestNG.runSuitesSequentially(TestNG.java:1208)
at org.testng.TestNG.runSuitesLocally(TestNG.java:1137)
at org.testng.TestNG.runSuites(TestNG.java:1049)
at org.testng.TestNG.run(TestNG.java:1017)
at org.apache.maven.surefire.testng.TestNGExecutor.run(TestNGExecutor.java:283)
at org.apache.maven.surefire.testng.TestNGXmlTestSuite.execute(TestNGXmlTestSuite.java:75)
at org.apache.maven.surefire.testng.TestNGProvider.invoke(TestNGProvider.java:120)
at org.apache.maven.surefire.booter.ForkedBooter.invokeProviderInSameClassLoader(ForkedBooter.java:383)
at org.apache.maven.surefire.booter.ForkedBooter.runSuitesInProcess(ForkedBooter.java:344)
at org.apache.maven.surefire.booter.ForkedBooter.execute(ForkedBooter.java:125)
at org.apache.maven.surefire.booter.ForkedBooter.main(ForkedBooter.java:417)
Caused by: org.openqa.selenium.NoSuchElementException: no such element: Unable to locate element: {"method":"xpath","selector":"//button[text()='Agree']"}
  (Session info: chrome=67.0.3396.87)
  (Driver info: chromedriver=2.38.552522 (437e6fbedfa8762dec75e2c5b3ddb86763dc9dcb),platform=Windows NT 6.1.7601 SP1 x86_64) (WARNING: The server did not provide any stacktrace information)
Command duration or timeout: 0 milliseconds
For documentation on this error, please visit: http://seleniumhq.org/exceptions/no_such_element.html
Build info: version: '3.12.0', revision: '7c6e0b3', time: '2018-05-08T14:04:26.12Z'
System info: host: 'KLM115009', ip: '169.254.245.251', os.name: 'Windows 7', os.arch: 'amd64', os.version: '6.1', java.version: '1.8.0_172'
Driver info: org.openqa.selenium.chrome.ChromeDriver
Capabilities {acceptInsecureCerts: false, acceptSslCerts: false, applicationCacheEnabled: false, browserConnectionEnabled: false, browserName: chrome, chrome: {chromedriverVersion: 2.38.552522 (437e6fbedfa876..., userDataDir: C:\Users\X085271\AppData\Lo...}, cssSelectorsEnabled: true, databaseEnabled: false, handlesAlerts: true, hasTouchScreen: false, javascriptEnabled: true, locationContextEnabled: true, mobileEmulationEnabled: false, nativeEvents: true, networkConnectionEnabled: false, pageLoadStrategy: normal, platform: XP, platformName: XP, rotatable: false, setWindowRect: true, takesHeapSnapshot: true, takesScreenshot: true, unexpectedAlertBehaviour: , unhandledPromptBehavior: , version: 67.0.3396.87, webStorageEnabled: true}
Session ID: fcfafd52c2ed6ba55c765887435b4aa8
*** Element info: {Using=xpath, value=//button[text()='Agree']}
at sun.reflect.NativeConstructorAccessorImpl.newInstance0(Native Method)
at sun.reflect.NativeConstructorAccessorImpl.newInstance(NativeConstructorAccessorImpl.java:62)
at sun.reflect.DelegatingConstructorAccessorImpl.newInstance(DelegatingConstructorAccessorImpl.java:45)
at java.lang.reflect.Constructor.newInstance(Constructor.java:423)
at org.openqa.selenium.remote.ErrorHandler.createThrowable(ErrorHandler.java:214)
at org.openqa.selenium.remote.ErrorHandler.throwIfResponseFailed(ErrorHandler.java:166)
at org.openqa.selenium.remote.http.JsonHttpResponseCodec.reconstructValue(JsonHttpResponseCodec.java:40)
at org.openqa.selenium.remote.http.AbstractHttpResponseCodec.decode(AbstractHttpResponseCodec.java:80)
at org.openqa.selenium.remote.http.AbstractHttpResponseCodec.decode(AbstractHttpResponseCodec.java:44)
at org.openqa.selenium.remote.HttpCommandExecutor.execute(HttpCommandExecutor.java:158)
at org.openqa.selenium.remote.service.DriverCommandExecutor.execute(DriverCommandExecutor.java:83)
at org.openqa.selenium.remote.RemoteWebDriver.execute(RemoteWebDriver.java:543)
at org.openqa.selenium.remote.RemoteWebDriver.findElement(RemoteWebDriver.java:317)
at org.openqa.selenium.remote.RemoteWebDriver.findElementByXPath(RemoteWebDriver.java:419)
at org.openqa.selenium.By$ByXPath.findElement(By.java:353)
at org.openqa.selenium.remote.RemoteWebDriver.findElement(RemoteWebDriver.java:309)
at org.openqa.selenium.support.pagefactory.DefaultElementLocator.findElement(DefaultElementLocator.java:69)
at org.openqa.selenium.support.pagefactory.internal.LocatingElementHandler.invoke(LocatingElementHandler.java:38)
at com.sun.proxy.$Proxy9.isDisplayed(Unknown Source)
at org.openqa.selenium.support.ui.ExpectedConditions.elementIfVisible(ExpectedConditions.java:315)
at org.openqa.selenium.support.ui.ExpectedConditions.access$100(ExpectedConditions.java:44)
at org.openqa.selenium.support.ui.ExpectedConditions$10.apply(ExpectedConditions.java:301)
at org.openqa.selenium.support.ui.ExpectedConditions$10.apply(ExpectedConditions.java:298)
at org.openqa.selenium.support.ui.ExpectedConditions$23.apply(ExpectedConditions.java:686)
at org.openqa.selenium.support.ui.ExpectedConditions$23.apply(ExpectedConditions.java:682)
at org.openqa.selenium.support.ui.FluentWait.until(FluentWait.java:248)
... 32 more
]]>
            </full-stacktrace>
          </exception> <!-- org.openqa.selenium.TimeoutException -->
          <reporter-output>
          </reporter-output>
        </test-method> <!-- discoveryCategoryFranceSignUp -->
        <test-method status="PASS" signature="atearDown()[pri:0, instance:testCases.SignUpTest@531be3c5]" name="atearDown" is-config="true" duration-ms="686" started-at="2018-06-26T05:47:21Z" finished-at="2018-06-26T05:47:22Z">
          <reporter-output>
          </reporter-output>
        </test-method> <!-- atearDown -->
        <test-method status="PASS" signature="getResult(org.testng.ITestResult)[pri:0, instance:testCases.SignUpTest@531be3c5]" name="getResult" is-config="true" duration-ms="35" started-at="2018-06-26T05:47:22Z" finished-at="2018-06-26T05:47:22Z">
          <params>
            <param index="0">
              <value>
                <![CDATA[[TestResult name=discoveryCategoryFranceSignUp status=FAILURE method=SignUpTest.discoveryCategoryFranceSignUp()[pri:0, instance:testCases.SignUpTest@531be3c5] output={null}]]]>
              </value>
            </param>
          </params>
          <reporter-output>
          </reporter-output>
        </test-method> <!-- getResult -->
        <test-method status="PASS" signature="setUp()[pri:0, instance:testCases.SignUpTest@531be3c5]" name="setUp" is-config="true" duration-ms="4341" started-at="2018-06-26T05:47:22Z" finished-at="2018-06-26T05:47:26Z">
          <reporter-output>
          </reporter-output>
        </test-method> <!-- setUp -->
        <test-method status="PASS" signature="emailValidation()[pri:0, instance:testCases.SignUpTest@531be3c5]" name="emailValidation" duration-ms="10058" started-at="2018-06-26T05:47:26Z" finished-at="2018-06-26T05:47:36Z">
          <reporter-output>
          </reporter-output>
        </test-method> <!-- emailValidation -->
        <test-method status="PASS" signature="atearDown()[pri:0, instance:testCases.SignUpTest@531be3c5]" name="atearDown" is-config="true" duration-ms="672" started-at="2018-06-26T05:47:36Z" finished-at="2018-06-26T05:47:37Z">
          <reporter-output>
          </reporter-output>
        </test-method> <!-- atearDown -->
        <test-method status="PASS" signature="getResult(org.testng.ITestResult)[pri:0, instance:testCases.SignUpTest@531be3c5]" name="getResult" is-config="true" duration-ms="31" started-at="2018-06-26T05:47:37Z" finished-at="2018-06-26T05:47:37Z">
          <params>
            <param index="0">
              <value>
                <![CDATA[[TestResult name=emailValidation status=SUCCESS method=SignUpTest.emailValidation()[pri:0, instance:testCases.SignUpTest@531be3c5] output={null}]]]>
              </value>
            </param>
          </params>
          <reporter-output>
          </reporter-output>
        </test-method> <!-- getResult -->
        <test-method status="PASS" signature="setUp()[pri:0, instance:testCases.SignUpTest@531be3c5]" name="setUp" is-config="true" duration-ms="5570" started-at="2018-06-26T05:47:37Z" finished-at="2018-06-26T05:47:43Z">
          <reporter-output>
          </reporter-output>
        </test-method> <!-- setUp -->
        <test-method status="PASS" signature="errorValidationMessagesCheck()[pri:0, instance:testCases.SignUpTest@531be3c5]" name="errorValidationMessagesCheck" duration-ms="8943" started-at="2018-06-26T05:47:43Z" finished-at="2018-06-26T05:47:52Z">
          <reporter-output>
          </reporter-output>
        </test-method> <!-- errorValidationMessagesCheck -->
        <test-method status="PASS" signature="atearDown()[pri:0, instance:testCases.SignUpTest@531be3c5]" name="atearDown" is-config="true" duration-ms="669" started-at="2018-06-26T05:47:52Z" finished-at="2018-06-26T05:47:52Z">
          <reporter-output>
          </reporter-output>
        </test-method> <!-- atearDown -->
        <test-method status="PASS" signature="getResult(org.testng.ITestResult)[pri:0, instance:testCases.SignUpTest@531be3c5]" name="getResult" is-config="true" duration-ms="31" started-at="2018-06-26T05:47:52Z" finished-at="2018-06-26T05:47:52Z">
          <params>
            <param index="0">
              <value>
                <![CDATA[[TestResult name=errorValidationMessagesCheck status=SUCCESS method=SignUpTest.errorValidationMessagesCheck()[pri:0, instance:testCases.SignUpTest@531be3c5] output={null}]]]>
              </value>
            </param>
          </params>
          <reporter-output>
          </reporter-output>
        </test-method> <!-- getResult -->
        <test-method status="PASS" signature="setUp()[pri:0, instance:testCases.SignUpTest@531be3c5]" name="setUp" is-config="true" duration-ms="3994" started-at="2018-06-26T05:47:52Z" finished-at="2018-06-26T05:47:56Z">
          <reporter-output>
          </reporter-output>
        </test-method> <!-- setUp -->
        <test-method status="PASS" signature="licensePlateNumberValidation()[pri:0, instance:testCases.SignUpTest@531be3c5]" name="licensePlateNumberValidation" duration-ms="9051" started-at="2018-06-26T05:47:56Z" finished-at="2018-06-26T05:48:05Z">
          <reporter-output>
          </reporter-output>
        </test-method> <!-- licensePlateNumberValidation -->
        <test-method status="PASS" signature="atearDown()[pri:0, instance:testCases.SignUpTest@531be3c5]" name="atearDown" is-config="true" duration-ms="684" started-at="2018-06-26T05:48:05Z" finished-at="2018-06-26T05:48:06Z">
          <reporter-output>
          </reporter-output>
        </test-method> <!-- atearDown -->
        <test-method status="PASS" signature="getResult(org.testng.ITestResult)[pri:0, instance:testCases.SignUpTest@531be3c5]" name="getResult" is-config="true" duration-ms="33" started-at="2018-06-26T05:48:06Z" finished-at="2018-06-26T05:48:06Z">
          <params>
            <param index="0">
              <value>
                <![CDATA[[TestResult name=licensePlateNumberValidation status=SUCCESS method=SignUpTest.licensePlateNumberValidation()[pri:0, instance:testCases.SignUpTest@531be3c5] output={null}]]]>
              </value>
            </param>
          </params>
          <reporter-output>
          </reporter-output>
        </test-method> <!-- getResult -->
        <test-method status="PASS" signature="setUp()[pri:0, instance:testCases.SignUpTest@531be3c5]" name="setUp" is-config="true" duration-ms="3659" started-at="2018-06-26T05:48:06Z" finished-at="2018-06-26T05:48:10Z">
          <reporter-output>
          </reporter-output>
        </test-method> <!-- setUp -->
        <test-method status="PASS" signature="mobileNumberValidation()[pri:0, instance:testCases.SignUpTest@531be3c5]" name="mobileNumberValidation" duration-ms="9405" started-at="2018-06-26T05:48:10Z" finished-at="2018-06-26T05:48:19Z">
          <reporter-output>
          </reporter-output>
        </test-method> <!-- mobileNumberValidation -->
        <test-method status="PASS" signature="atearDown()[pri:0, instance:testCases.SignUpTest@531be3c5]" name="atearDown" is-config="true" duration-ms="682" started-at="2018-06-26T05:48:19Z" finished-at="2018-06-26T05:48:20Z">
          <reporter-output>
          </reporter-output>
        </test-method> <!-- atearDown -->
        <test-method status="PASS" signature="getResult(org.testng.ITestResult)[pri:0, instance:testCases.SignUpTest@531be3c5]" name="getResult" is-config="true" duration-ms="27" started-at="2018-06-26T05:48:20Z" finished-at="2018-06-26T05:48:20Z">
          <params>
            <param index="0">
              <value>
                <![CDATA[[TestResult name=mobileNumberValidation status=SUCCESS method=SignUpTest.mobileNumberValidation()[pri:0, instance:testCases.SignUpTest@531be3c5] output={null}]]]>
              </value>
            </param>
          </params>
          <reporter-output>
          </reporter-output>
        </test-method> <!-- getResult -->
        <test-method status="PASS" signature="setUp()[pri:0, instance:testCases.SignUpTest@531be3c5]" name="setUp" is-config="true" duration-ms="3971" started-at="2018-06-26T05:48:20Z" finished-at="2018-06-26T05:48:24Z">
          <reporter-output>
          </reporter-output>
        </test-method> <!-- setUp -->
        <test-method status="PASS" signature="passwordValidations()[pri:0, instance:testCases.SignUpTest@531be3c5]" name="passwordValidations" duration-ms="8355" started-at="2018-06-26T05:48:24Z" finished-at="2018-06-26T05:48:32Z">
          <reporter-output>
          </reporter-output>
        </test-method> <!-- passwordValidations -->
        <test-method status="PASS" signature="atearDown()[pri:0, instance:testCases.SignUpTest@531be3c5]" name="atearDown" is-config="true" duration-ms="683" started-at="2018-06-26T05:48:32Z" finished-at="2018-06-26T05:48:33Z">
          <reporter-output>
          </reporter-output>
        </test-method> <!-- atearDown -->
        <test-method status="PASS" signature="getResult(org.testng.ITestResult)[pri:0, instance:testCases.SignUpTest@531be3c5]" name="getResult" is-config="true" duration-ms="33" started-at="2018-06-26T05:48:33Z" finished-at="2018-06-26T05:48:33Z">
          <params>
            <param index="0">
              <value>
                <![CDATA[[TestResult name=passwordValidations status=SUCCESS method=SignUpTest.passwordValidations()[pri:0, instance:testCases.SignUpTest@531be3c5] output={null}]]]>
              </value>
            </param>
          </params>
          <reporter-output>
          </reporter-output>
        </test-method> <!-- getResult -->
        <test-method status="PASS" signature="setUp()[pri:0, instance:testCases.SignUpTest@531be3c5]" name="setUp" is-config="true" duration-ms="3834" started-at="2018-06-26T05:48:33Z" finished-at="2018-06-26T05:48:37Z">
          <reporter-output>
          </reporter-output>
        </test-method> <!-- setUp -->
        <test-method status="PASS" signature="silverCategoryGermanSignUp()[pri:0, instance:testCases.SignUpTest@531be3c5]" name="silverCategoryGermanSignUp" duration-ms="12145" started-at="2018-06-26T05:48:37Z" finished-at="2018-06-26T05:48:49Z">
          <reporter-output>
          </reporter-output>
        </test-method> <!-- silverCategoryGermanSignUp -->
        <test-method status="PASS" signature="atearDown()[pri:0, instance:testCases.SignUpTest@531be3c5]" name="atearDown" is-config="true" duration-ms="673" started-at="2018-06-26T05:48:49Z" finished-at="2018-06-26T05:48:50Z">
          <reporter-output>
          </reporter-output>
        </test-method> <!-- atearDown -->
        <test-method status="PASS" signature="getResult(org.testng.ITestResult)[pri:0, instance:testCases.SignUpTest@531be3c5]" name="getResult" is-config="true" duration-ms="31" started-at="2018-06-26T05:48:50Z" finished-at="2018-06-26T05:48:50Z">
          <params>
            <param index="0">
              <value>
                <![CDATA[[TestResult name=silverCategoryGermanSignUp status=SUCCESS method=SignUpTest.silverCategoryGermanSignUp()[pri:0, instance:testCases.SignUpTest@531be3c5] output={null}]]]>
              </value>
            </param>
          </params>
          <reporter-output>
          </reporter-output>
        </test-method> <!-- getResult -->
        <test-method status="PASS" signature="endReport()[pri:0, instance:testCases.SignUpTest@531be3c5]" name="endReport" is-config="true" duration-ms="4" started-at="2018-06-26T05:48:50Z" finished-at="2018-06-26T05:48:50Z">
          <reporter-output>
          </reporter-output>
        </test-method> <!-- endReport -->
      </class> <!-- testCases.SignUpTest -->
    </test> <!-- Automation -->
  </suite> <!-- Suite1 -->
</testng-results>
